This is pdfTeX, Version 3.141592653-2.6-1.40.23 (TeX Live 2021) (preloaded format=pdflatex 2022.1.4)  9 JUN 2022 19:50
entering extended mode
 restricted \write18 enabled.
 %&-line parsing enabled.
**./images.tex
(./images.tex
LaTeX2e <2021-11-15> patch level 1
L3 programming layer <2021-11-22>
(/usr/local/texlive/2021/texmf-dist/tex/latex/base/article.cls
Document Class: article 2021/10/04 v1.4n Standard LaTeX document class
(/usr/local/texlive/2021/texmf-dist/tex/latex/base/size10.clo
File: size10.clo 2021/10/04 v1.4n Standard LaTeX file (size option)
)
\c@part=\count183
\c@section=\count184
\c@subsection=\count185
\c@subsubsection=\count186
\c@paragraph=\count187
\c@subparagraph=\count188
\c@figure=\count189
\c@table=\count190
\abovecaptionskip=\skip47
\belowcaptionskip=\skip48
\bibindent=\dimen138
) (/usr/local/texlive/2021/texmf-dist/tex/latex/base/ifthen.sty
Package: ifthen 2020/11/24 v1.1c Standard LaTeX ifthen package (DPC)
) (/usr/local/texlive/2021/texmf-dist/tex/latex/base/inputenc.sty
Package: inputenc 2021/02/14 v1.3d Input encoding file
\inpenc@prehook=\toks16
\inpenc@posthook=\toks17
) (/usr/local/texlive/2021/texmf-dist/tex/latex/hyperref/hyperref.sty
Package: hyperref 2021-06-07 v7.00m Hypertext links for LaTeX
(/usr/local/texlive/2021/texmf-dist/tex/generic/ltxcmds/ltxcmds.sty
Package: ltxcmds 2020-05-10 v1.25 LaTeX kernel commands for general use (HO)
) (/usr/local/texlive/2021/texmf-dist/tex/generic/iftex/iftex.sty
Package: iftex 2020/03/06 v1.0d TeX engine tests
) (/usr/local/texlive/2021/texmf-dist/tex/generic/pdftexcmds/pdftexcmds.sty
Package: pdftexcmds 2020-06-27 v0.33 Utility functions of pdfTeX for LuaTeX (HO
)
(/usr/local/texlive/2021/texmf-dist/tex/generic/infwarerr/infwarerr.sty
Package: infwarerr 2019/12/03 v1.5 Providing info/warning/error messages (HO)
)
Package pdftexcmds Info: \pdf@primitive is available.
Package pdftexcmds Info: \pdf@ifprimitive is available.
Package pdftexcmds Info: \pdfdraftmode found.
) (/usr/local/texlive/2021/texmf-dist/tex/latex/graphics/keyval.sty
Package: keyval 2014/10/28 v1.15 key=value parser (DPC)
\KV@toks@=\toks18
) (/usr/local/texlive/2021/texmf-dist/tex/generic/kvsetkeys/kvsetkeys.sty
Package: kvsetkeys 2019/12/15 v1.18 Key value parser (HO)
) (/usr/local/texlive/2021/texmf-dist/tex/generic/kvdefinekeys/kvdefinekeys.sty
Package: kvdefinekeys 2019-12-19 v1.6 Define keys (HO)
) (/usr/local/texlive/2021/texmf-dist/tex/generic/pdfescape/pdfescape.sty
Package: pdfescape 2019/12/09 v1.15 Implements pdfTeX's escape features (HO)
) (/usr/local/texlive/2021/texmf-dist/tex/latex/hycolor/hycolor.sty
Package: hycolor 2020-01-27 v1.10 Color options for hyperref/bookmark (HO)
) (/usr/local/texlive/2021/texmf-dist/tex/latex/letltxmacro/letltxmacro.sty
Package: letltxmacro 2019/12/03 v1.6 Let assignment for LaTeX macros (HO)
) (/usr/local/texlive/2021/texmf-dist/tex/latex/auxhook/auxhook.sty
Package: auxhook 2019-12-17 v1.6 Hooks for auxiliary files (HO)
) (/usr/local/texlive/2021/texmf-dist/tex/latex/kvoptions/kvoptions.sty
Package: kvoptions 2020-10-07 v3.14 Key value format for package options (HO)
)
\@linkdim=\dimen139
\Hy@linkcounter=\count191
\Hy@pagecounter=\count192
(/usr/local/texlive/2021/texmf-dist/tex/latex/hyperref/pd1enc.def
File: pd1enc.def 2021-06-07 v7.00m Hyperref: PDFDocEncoding definition (HO)
Now handling font encoding PD1 ...
... no UTF-8 mapping file for font encoding PD1
)
(/usr/local/texlive/2021/texmf-dist/tex/latex/hyperref/hyperref-langpatches.def
File: hyperref-langpatches.def 2021-06-07 v7.00m Hyperref: patches for babel la
nguages
) (/usr/local/texlive/2021/texmf-dist/tex/generic/intcalc/intcalc.sty
Package: intcalc 2019/12/15 v1.3 Expandable calculations with integers (HO)
) (/usr/local/texlive/2021/texmf-dist/tex/generic/etexcmds/etexcmds.sty
Package: etexcmds 2019/12/15 v1.7 Avoid name clashes with e-TeX commands (HO)
)
\Hy@SavedSpaceFactor=\count193
(/usr/local/texlive/2021/texmf-dist/tex/latex/hyperref/puenc.def
File: puenc.def 2021-06-07 v7.00m Hyperref: PDF Unicode definition (HO)
Now handling font encoding PU ...
... no UTF-8 mapping file for font encoding PU
)
Package hyperref Info: Hyper figures OFF on input line 4192.
Package hyperref Info: Link nesting OFF on input line 4197.
Package hyperref Info: Hyper index ON on input line 4200.
Package hyperref Info: Plain pages OFF on input line 4207.
Package hyperref Info: Backreferencing OFF on input line 4212.
Package hyperref Info: Implicit mode ON; LaTeX internals redefined.
Package hyperref Info: Bookmarks ON on input line 4445.
\c@Hy@tempcnt=\count194
(/usr/local/texlive/2021/texmf-dist/tex/latex/url/url.sty
\Urlmuskip=\muskip16
Package: url 2013/09/16  ver 3.4  Verb mode for urls, etc.
)
LaTeX Info: Redefining \url on input line 4804.
\XeTeXLinkMargin=\dimen140
(/usr/local/texlive/2021/texmf-dist/tex/generic/bitset/bitset.sty
Package: bitset 2019/12/09 v1.3 Handle bit-vector datatype (HO)
(/usr/local/texlive/2021/texmf-dist/tex/generic/bigintcalc/bigintcalc.sty
Package: bigintcalc 2019/12/15 v1.5 Expandable calculations on big integers (HO
)
))
\Fld@menulength=\count195
\Field@Width=\dimen141
\Fld@charsize=\dimen142
Package hyperref Info: Hyper figures OFF on input line 6076.
Package hyperref Info: Link nesting OFF on input line 6081.
Package hyperref Info: Hyper index ON on input line 6084.
Package hyperref Info: backreferencing OFF on input line 6091.
Package hyperref Info: Link coloring OFF on input line 6096.
Package hyperref Info: Link coloring with OCG OFF on input line 6101.
Package hyperref Info: PDF/A mode OFF on input line 6106.
LaTeX Info: Redefining \ref on input line 6146.
LaTeX Info: Redefining \pageref on input line 6150.
(/usr/local/texlive/2021/texmf-dist/tex/latex/base/atbegshi-ltx.sty
Package: atbegshi-ltx 2021/01/10 v1.0c Emulation of the original atbegshi
package with kernel methods
)
\Hy@abspage=\count196
\c@Item=\count197
\c@Hfootnote=\count198
)
Package hyperref Info: Driver (autodetected): hpdftex.
(/usr/local/texlive/2021/texmf-dist/tex/latex/hyperref/hpdftex.def
File: hpdftex.def 2021-06-07 v7.00m Hyperref driver for pdfTeX
(/usr/local/texlive/2021/texmf-dist/tex/latex/base/atveryend-ltx.sty
Package: atveryend-ltx 2020/08/19 v1.0a Emulation of the original atveryend pac
kage
with kernel methods
)
\Fld@listcount=\count199
\c@bookmark@seq@number=\count266

(/usr/local/texlive/2021/texmf-dist/tex/latex/rerunfilecheck/rerunfilecheck.sty
Package: rerunfilecheck 2019/12/05 v1.9 Rerun checks for auxiliary files (HO)

(/usr/local/texlive/2021/texmf-dist/tex/generic/uniquecounter/uniquecounter.sty
Package: uniquecounter 2019/12/15 v1.4 Provide unlimited unique counter (HO)
)
Package uniquecounter Info: New unique counter `rerunfilecheck' on input line 2
86.
)
\Hy@SectionHShift=\skip49
) (/usr/local/texlive/2021/texmf-dist/tex/latex/amsfonts/amsfonts.sty
Package: amsfonts 2013/01/14 v3.01 Basic AMSFonts support
\@emptytoks=\toks19
\symAMSa=\mathgroup4
\symAMSb=\mathgroup5
LaTeX Font Info:    Redeclaring math symbol \hbar on input line 98.
LaTeX Font Info:    Overwriting math alphabet `\mathfrak' in version `bold'
(Font)                  U/euf/m/n --> U/euf/b/n on input line 106.
) (/usr/local/texlive/2021/texmf-dist/tex/latex/graphics/graphicx.sty
Package: graphicx 2021/09/16 v1.2d Enhanced LaTeX Graphics (DPC,SPQR)
(/usr/local/texlive/2021/texmf-dist/tex/latex/graphics/graphics.sty
Package: graphics 2021/03/04 v1.4d Standard LaTeX Graphics (DPC,SPQR)
(/usr/local/texlive/2021/texmf-dist/tex/latex/graphics/trig.sty
Package: trig 2021/08/11 v1.11 sin cos tan (DPC)
) (/usr/local/texlive/2021/texmf-dist/tex/latex/graphics-cfg/graphics.cfg
File: graphics.cfg 2016/06/04 v1.11 sample graphics configuration
)
Package graphics Info: Driver file: pdftex.def on input line 107.
(/usr/local/texlive/2021/texmf-dist/tex/latex/graphics-def/pdftex.def
File: pdftex.def 2020/10/05 v1.2a Graphics/color driver for pdftex
))
\Gin@req@height=\dimen143
\Gin@req@width=\dimen144
) (/usr/local/texlive/2021/texmf-dist/tex/latex/xcolor/xcolor.sty
Package: xcolor 2021/10/31 v2.13 LaTeX color extensions (UK)
(/usr/local/texlive/2021/texmf-dist/tex/latex/graphics-cfg/color.cfg
File: color.cfg 2016/01/02 v1.6 sample color configuration
)
Package xcolor Info: Driver file: pdftex.def on input line 227.
Package xcolor Info: Model `cmy' substituted by `cmy0' on input line 1352.
Package xcolor Info: Model `hsb' substituted by `rgb' on input line 1356.
Package xcolor Info: Model `RGB' extended on input line 1368.
Package xcolor Info: Model `HTML' substituted by `rgb' on input line 1370.
Package xcolor Info: Model `Hsb' substituted by `hsb' on input line 1371.
Package xcolor Info: Model `tHsb' substituted by `hsb' on input line 1372.
Package xcolor Info: Model `HSB' substituted by `hsb' on input line 1373.
Package xcolor Info: Model `Gray' substituted by `gray' on input line 1374.
Package xcolor Info: Model `wave' substituted by `hsb' on input line 1375.
) (/home/samudra/Desktop/sjv_website_dev/html.sty
Package: html 1996/02/01 v1.0 hypertext commands for latex2html (nd, hs)

! LaTeX Error: Command \htmladdnormallinkfoot already defined.
               Or name \end... illegal, see p.192 of the manual.

See the LaTeX manual or LaTeX Companion for explanation.
Type  H <return>  for immediate help.
 ...                                              
                                                  
l.41 ...htmladdnormallinkfoot}[2]{#1\footnote{#2}}
                                                  
Your command was ignored.
Type  I <command> <return>  to replace it with another command,
or  <return>  to continue without it.


! LaTeX Error: Command \htmladdnormallink already defined.
               Or name \end... illegal, see p.192 of the manual.

See the LaTeX manual or LaTeX Companion for explanation.
Type  H <return>  for immediate help.
 ...                                              
                                                  
l.45 \newcommand{\htmladdnormallink}[2]{#1}
                                           
Your command was ignored.
Type  I <command> <return>  to replace it with another command,
or  <return>  to continue without it.


! LaTeX Error: Command \htmladdimg already defined.
               Or name \end... illegal, see p.192 of the manual.

See the LaTeX manual or LaTeX Companion for explanation.
Type  H <return>  for immediate help.
 ...                                              
                                                  
l.51 \newcommand{\htmladdimg}[1]{}
                                  
Your command was ignored.
Type  I <command> <return>  to replace it with another command,
or  <return>  to continue without it.

\c@lpart=\count267
\c@lchapter=\count268
\c@lsection=\count269
\c@lsubsection=\count270
\c@lsubsubsection=\count271
\c@lparagraph=\count272
\c@lsubparagraph=\count273
\c@lsubsubparagraph=\count274
\c@lequation=\count275

! LaTeX Error: Command \hyperref already defined.
               Or name \end... illegal, see p.192 of the manual.

See the LaTeX manual or LaTeX Companion for explanation.
Type  H <return>  for immediate help.
 ...                                              
                                                  
l.318 \newcommand{\hyperref}[4]{#2\ref{#4}#3}
                                             
Your command was ignored.
Type  I <command> <return>  to replace it with another command,
or  <return>  to continue without it.


! LaTeX Error: Command \htmlref already defined.
               Or name \end... illegal, see p.192 of the manual.

See the LaTeX manual or LaTeX Companion for explanation.
Type  H <return>  for immediate help.
 ...                                              
                                                  
l.325 \newcommand{\htmlref}[2]{#1}
                                  
Your command was ignored.
Type  I <command> <return>  to replace it with another command,
or  <return>  to continue without it.

) (/usr/local/texlive/2021/texmf-dist/tex/latex/base/makeidx.sty
Package: makeidx 2021/10/04 v1.0m Standard LaTeX package
) (/usr/local/texlive/2021/texmf-dist/tex/latex/amsmath/amsmath.sty
Package: amsmath 2021/10/15 v2.17l AMS math features
\@mathmargin=\skip50
For additional information on amsmath, use the `?' option.
(/usr/local/texlive/2021/texmf-dist/tex/latex/amsmath/amstext.sty
Package: amstext 2021/08/26 v2.01 AMS text
(/usr/local/texlive/2021/texmf-dist/tex/latex/amsmath/amsgen.sty
File: amsgen.sty 1999/11/30 v2.0 generic functions
\@emptytoks=\toks20
\ex@=\dimen145
)) (/usr/local/texlive/2021/texmf-dist/tex/latex/amsmath/amsbsy.sty
Package: amsbsy 1999/11/29 v1.2d Bold Symbols
\pmbraise@=\dimen146
) (/usr/local/texlive/2021/texmf-dist/tex/latex/amsmath/amsopn.sty
Package: amsopn 2021/08/26 v2.02 operator names
)
\inf@bad=\count276
LaTeX Info: Redefining \frac on input line 234.
\uproot@=\count277
\leftroot@=\count278
LaTeX Info: Redefining \overline on input line 399.
\classnum@=\count279
\DOTSCASE@=\count280
LaTeX Info: Redefining \ldots on input line 496.
LaTeX Info: Redefining \dots on input line 499.
LaTeX Info: Redefining \cdots on input line 620.
\Mathstrutbox@=\box50
\strutbox@=\box51
\big@size=\dimen147
LaTeX Font Info:    Redeclaring font encoding OML on input line 743.
LaTeX Font Info:    Redeclaring font encoding OMS on input line 744.
\macc@depth=\count281
\c@MaxMatrixCols=\count282
\dotsspace@=\muskip17
\c@parentequation=\count283
\dspbrk@lvl=\count284
\tag@help=\toks21
\row@=\count285
\column@=\count286
\maxfields@=\count287
\andhelp@=\toks22
\eqnshift@=\dimen148
\alignsep@=\dimen149
\tagshift@=\dimen150
\tagwidth@=\dimen151
\totwidth@=\dimen152
\lineht@=\dimen153
\@envbody=\toks23
\multlinegap=\skip51
\multlinetaggap=\skip52
\mathdisplay@stack=\toks24
LaTeX Info: Redefining \[ on input line 2938.
LaTeX Info: Redefining \] on input line 2939.
) (/usr/local/texlive/2021/texmf-dist/tex/latex/multirow/multirow.sty
Package: multirow 2021/03/15 v2.8 Span multiple rows of a table
\multirow@colwidth=\skip53
\multirow@cntb=\count288
\multirow@dima=\skip54
\bigstrutjot=\dimen154
)

! LaTeX Error: Missing \begin{document}.

See the LaTeX manual or LaTeX Companion for explanation.
Type  H <return>  for immediate help.
 ...                                              
                                                  
l.22 \begin{align*}
                   
You're in trouble here.  Try typing  <return>  to proceed.
If that doesn't work, type  X <return>  to quit.

LaTeX Font Info:    Trying to load font information for U+msa on input line 22.

(/usr/local/texlive/2021/texmf-dist/tex/latex/amsfonts/umsa.fd
File: umsa.fd 2013/01/14 v3.01 AMS symbols A
)
LaTeX Font Info:    Trying to load font information for U+msb on input line 22.

(/usr/local/texlive/2021/texmf-dist/tex/latex/amsfonts/umsb.fd
File: umsb.fd 2013/01/14 v3.01 AMS symbols B
)
\sizebox=\box52
\lthtmlwrite=\write3
(/usr/local/texlive/2021/texmf-dist/tex/latex/preview/preview.sty
Package: preview 2017/04/24 12.3 (AUCTeX/preview-latex)
(/usr/local/texlive/2021/texmf-dist/tex/generic/luatex85/luatex85.sty
Package: luatex85 2016/06/15 v1.4 pdftex aliases for luatex
) (/usr/local/texlive/2021/texmf-dist/tex/latex/preview/prtightpage.def
\PreviewBorder=\dimen155
)
\pr@snippet=\count289
\pr@box=\box53
\pr@output=\toks25
)
\lthtmlPageBox=\box54
\lthtmlCropMarkHeight=\dimen156
\lthtmlCropMarkDepth=\dimen157
(/usr/local/texlive/2021/texmf-dist/tex/latex/l3backend/l3backend-pdftex.def
File: l3backend-pdftex.def 2021-12-14 L3 backend support: PDF output (pdfTeX)
\l__color_backend_stack_int=\count290
\l__pdf_internal_box=\box55
) (./images.aux

LaTeX Warning: Label `tbl:FI' multiply defined.


LaTeX Warning: Label `tbl:FG' multiply defined.


LaTeX Warning: Label `tbl:FI' multiply defined.


LaTeX Warning: Label `tbl:FG' multiply defined.


LaTeX Warning: Label `tbl:FI' multiply defined.


LaTeX Warning: Label `tbl:FG' multiply defined.


LaTeX Warning: Label `tbl:FI' multiply defined.


LaTeX Warning: Label `tbl:FG' multiply defined.


LaTeX Warning: Label `tbl:FI' multiply defined.


LaTeX Warning: Label `tbl:FG' multiply defined.


LaTeX Warning: Label `tbl:FI' multiply defined.


LaTeX Warning: Label `tbl:FG' multiply defined.


LaTeX Warning: Label `tbl:FI' multiply defined.


LaTeX Warning: Label `tbl:FG' multiply defined.


LaTeX Warning: Label `tbl:FI' multiply defined.


LaTeX Warning: Label `tbl:FG' multiply defined.


LaTeX Warning: Label `tbl:FI' multiply defined.


LaTeX Warning: Label `tbl:FG' multiply defined.


LaTeX Warning: Label `tbl:FI' multiply defined.


LaTeX Warning: Label `tbl:FG' multiply defined.


LaTeX Warning: Label `tbl:FI' multiply defined.


LaTeX Warning: Label `tbl:FG' multiply defined.


LaTeX Warning: Label `tbl:FI' multiply defined.


LaTeX Warning: Label `tbl:FG' multiply defined.


LaTeX Warning: Label `tbl:FI' multiply defined.


LaTeX Warning: Label `tbl:FG' multiply defined.


LaTeX Warning: Label `tbl:FI' multiply defined.


LaTeX Warning: Label `tbl:FG' multiply defined.


LaTeX Warning: Label `tbl:FI' multiply defined.


LaTeX Warning: Label `tbl:FG' multiply defined.

)
\openout1 = `images.aux'.

LaTeX Font Info:    Checking defaults for OML/cmm/m/it on input line 140.
LaTeX Font Info:    ... okay on input line 140.
LaTeX Font Info:    Checking defaults for OMS/cmsy/m/n on input line 140.
LaTeX Font Info:    ... okay on input line 140.
LaTeX Font Info:    Checking defaults for OT1/cmr/m/n on input line 140.
LaTeX Font Info:    ... okay on input line 140.
LaTeX Font Info:    Checking defaults for T1/cmr/m/n on input line 140.
LaTeX Font Info:    ... okay on input line 140.
LaTeX Font Info:    Checking defaults for TS1/cmr/m/n on input line 140.
LaTeX Font Info:    ... okay on input line 140.
LaTeX Font Info:    Checking defaults for OMX/cmex/m/n on input line 140.
LaTeX Font Info:    ... okay on input line 140.
LaTeX Font Info:    Checking defaults for U/cmr/m/n on input line 140.
LaTeX Font Info:    ... okay on input line 140.
LaTeX Font Info:    Checking defaults for PD1/pdf/m/n on input line 140.
LaTeX Font Info:    ... okay on input line 140.
LaTeX Font Info:    Checking defaults for PU/pdf/m/n on input line 140.
LaTeX Font Info:    ... okay on input line 140.
Package hyperref Info: Link coloring OFF on input line 140.
(/usr/local/texlive/2021/texmf-dist/tex/latex/hyperref/nameref.sty
Package: nameref 2021-04-02 v2.47 Cross-referencing by name of section
(/usr/local/texlive/2021/texmf-dist/tex/latex/refcount/refcount.sty
Package: refcount 2019/12/15 v3.6 Data extraction from label references (HO)
)
(/usr/local/texlive/2021/texmf-dist/tex/generic/gettitlestring/gettitlestring.s
ty
Package: gettitlestring 2019/12/15 v1.6 Cleanup title references (HO)
)
\c@section@level=\count291
)
LaTeX Info: Redefining \ref on input line 140.
LaTeX Info: Redefining \pageref on input line 140.
LaTeX Info: Redefining \nameref on input line 140.
(./images.out) (./images.out)
\@outlinefile=\write4
\openout4 = `images.out'.

(/usr/local/texlive/2021/texmf-dist/tex/context/base/mkii/supp-pdf.mkii
[Loading MPS to PDF converter (version 2006.09.02).]
\scratchcounter=\count292
\scratchdimen=\dimen158
\scratchbox=\box56
\nofMPsegments=\count293
\nofMParguments=\count294
\everyMPshowfont=\toks26
\MPscratchCnt=\count295
\MPscratchDim=\dimen159
\MPnumerator=\count296
\makeMPintoPDFobject=\count297
\everyMPtoPDFconversion=\toks27
) (/usr/local/texlive/2021/texmf-dist/tex/latex/epstopdf-pkg/epstopdf-base.sty
Package: epstopdf-base 2020-01-24 v2.11 Base part for package epstopdf
Package epstopdf-base Info: Redefining graphics rule for `.eps' on input line 4
85.
(/usr/local/texlive/2021/texmf-dist/tex/latex/latexconfig/epstopdf-sys.cfg
File: epstopdf-sys.cfg 2010/07/13 v1.3 Configuration of (r)epstopdf for TeX Liv
e
))
Preview: Fontsize 10pt
Preview: PDFoutput 1

latex2htmlLength hsize=345.0pt

latex2htmlLength vsize=682.0pt

latex2htmlLength hoffset=0.0pt

latex2htmlLength voffset=0.0pt

latex2htmlLength topmargin=0.0pt

latex2htmlLength topskip=0.00003pt

latex2htmlLength headheight=0.0pt

latex2htmlLength headsep=0.0pt

latex2htmlLength parskip=0.0pt plus 1.0pt

latex2htmlLength oddsidemargin=53.0pt

latex2htmlLength evensidemargin=53.0pt


:tex2html_wrap_indisplay249:lthtmlCropMarkHeight:=13.5pt

:tex2html_wrap_indisplay249:lthtmlCropMarkDepth:=2.5pt:1ex:=4.30554pt
Preview: Tightpage -32890 -32890 32890 32890
[1{/usr/local/texlive/2021/texmf-var/fonts/map/pdftex/updmap/pdftex.map}]

:tex2html_wrap_indisplay250:lthtmlCropMarkHeight:=13.5pt

:tex2html_wrap_indisplay250:lthtmlCropMarkDepth:=2.5pt:1ex:=4.30554pt
[2]

:tex2html_wrap_indisplay251:lthtmlCropMarkHeight:=17.50009pt

:tex2html_wrap_indisplay251:lthtmlCropMarkDepth:=6.50009pt:1ex:=4.30554pt
[3]

:tex2html_wrap_indisplay252:lthtmlCropMarkHeight:=17.50009pt

:tex2html_wrap_indisplay252:lthtmlCropMarkDepth:=6.50009pt:1ex:=4.30554pt
[4]

:tex2html_wrap_inline258:lthtmlCropMarkHeight:=13.96227pt

:tex2html_wrap_inline258:lthtmlCropMarkDepth:=2.5pt:1ex:=4.30554pt
[5]

:tex2html_wrap_inline260:lthtmlCropMarkHeight:=13.5pt

:tex2html_wrap_inline260:lthtmlCropMarkDepth:=2.5pt:1ex:=4.30554pt
[6]

:tex2html_wrap_inline262:lthtmlCropMarkHeight:=13.5pt

:tex2html_wrap_inline262:lthtmlCropMarkDepth:=2.5pt:1ex:=4.30554pt
[7]

:tex2html_wrap_inline264:lthtmlCropMarkHeight:=13.5pt

:tex2html_wrap_inline264:lthtmlCropMarkDepth:=2.5pt:1ex:=4.30554pt
[8]

:tex2html_wrap_inline266:lthtmlCropMarkHeight:=13.5pt

:tex2html_wrap_inline266:lthtmlCropMarkDepth:=2.5pt:1ex:=4.30554pt
[9]

:tex2html_wrap_inline268:lthtmlCropMarkHeight:=12.44444pt

:tex2html_wrap_inline268:lthtmlCropMarkDepth:=0.83333pt:1ex:=4.30554pt
[10]

:tex2html_wrap_inline270:lthtmlCropMarkHeight:=12.44444pt

:tex2html_wrap_inline270:lthtmlCropMarkDepth:=0.83333pt:1ex:=4.30554pt
[11]

:tex2html_wrap_inline272:lthtmlCropMarkHeight:=12.44444pt

:tex2html_wrap_inline272:lthtmlCropMarkDepth:=0.83333pt:1ex:=4.30554pt
[12]

:tex2html_wrap_inline274:lthtmlCropMarkHeight:=13.50006pt

:tex2html_wrap_inline274:lthtmlCropMarkDepth:=2.86108pt:1ex:=4.30554pt
[13]

:tex2html_wrap_inline276:lthtmlCropMarkHeight:=13.5pt

:tex2html_wrap_inline276:lthtmlCropMarkDepth:=2.5pt:1ex:=4.30554pt
[14]

:tex2html_wrap_inline278:lthtmlCropMarkHeight:=12.83331pt

:tex2html_wrap_inline278:lthtmlCropMarkDepth:=1.49998pt:1ex:=4.30554pt
[15]

:tex2html_wrap_inline280:lthtmlCropMarkHeight:=12.83331pt

:tex2html_wrap_inline280:lthtmlCropMarkDepth:=0.39098pt:1ex:=4.30554pt
[16]

:tex2html_wrap_inline282:lthtmlCropMarkHeight:=13.50006pt

:tex2html_wrap_inline282:lthtmlCropMarkDepth:=3.96402pt:1ex:=4.30554pt
[17]

:tex2html_wrap_inline284:lthtmlCropMarkHeight:=12.94444pt

:tex2html_wrap_inline284:lthtmlCropMarkDepth:=0.39098pt:1ex:=4.30554pt
[18]

:tex2html_wrap_inline286:lthtmlCropMarkHeight:=13.5pt

:tex2html_wrap_inline286:lthtmlCropMarkDepth:=2.5pt:1ex:=4.30554pt
[19]

:tex2html_wrap_inline288:lthtmlCropMarkHeight:=12.83331pt

:tex2html_wrap_inline288:lthtmlCropMarkDepth:=1.35971pt:1ex:=4.30554pt
[20]

:tex2html_wrap_inline292:lthtmlCropMarkHeight:=13.5pt

:tex2html_wrap_inline292:lthtmlCropMarkDepth:=2.5pt:1ex:=4.30554pt
[21]

:tex2html_wrap_inline294:lthtmlCropMarkHeight:=12.83331pt

:tex2html_wrap_inline294:lthtmlCropMarkDepth:=1.49998pt:1ex:=4.30554pt
[22]

:tex2html_wrap_inline296:lthtmlCropMarkHeight:=13.5pt

:tex2html_wrap_inline296:lthtmlCropMarkDepth:=2.5pt:1ex:=4.30554pt
[23]

:tex2html_wrap_inline298:lthtmlCropMarkHeight:=13.96227pt

:tex2html_wrap_inline298:lthtmlCropMarkDepth:=2.5pt:1ex:=4.30554pt
[24]

:tex2html_wrap_inline300:lthtmlCropMarkHeight:=16.44443pt

:tex2html_wrap_inline300:lthtmlCropMarkDepth:=3.01659pt:1ex:=4.30554pt
[25]

:tex2html_wrap_inline302:lthtmlCropMarkHeight:=12.83331pt

:tex2html_wrap_inline302:lthtmlCropMarkDepth:=1.49998pt:1ex:=4.30554pt
[26]

:tex2html_wrap_inline304:lthtmlCropMarkHeight:=12.94444pt

:tex2html_wrap_inline304:lthtmlCropMarkDepth:=1.49998pt:1ex:=4.30554pt
[27]

:tex2html_wrap_inline306:lthtmlCropMarkHeight:=10.30554pt

:tex2html_wrap_inline306:lthtmlCropMarkDepth:=0.0pt:1ex:=4.30554pt
[28]

:tex2html_wrap_inline308:lthtmlCropMarkHeight:=12.94444pt

:tex2html_wrap_inline308:lthtmlCropMarkDepth:=1.49998pt:1ex:=4.30554pt
[29]

:tex2html_wrap_inline312:lthtmlCropMarkHeight:=12.83331pt

:tex2html_wrap_inline312:lthtmlCropMarkDepth:=1.35971pt:1ex:=4.30554pt
[30]

:tex2html_wrap_inline316:lthtmlCropMarkHeight:=13.5pt

:tex2html_wrap_inline316:lthtmlCropMarkDepth:=2.5pt:1ex:=4.30554pt
[31]

:tex2html_wrap_inline318:lthtmlCropMarkHeight:=13.5pt

:tex2html_wrap_inline318:lthtmlCropMarkDepth:=2.5pt:1ex:=4.30554pt
[32]

:tex2html_wrap_inline320:lthtmlCropMarkHeight:=14.24287pt

:tex2html_wrap_inline320:lthtmlCropMarkDepth:=3.44841pt:1ex:=4.30554pt
[33]

:tex2html_wrap_inline322:lthtmlCropMarkHeight:=12.44444pt

:tex2html_wrap_inline322:lthtmlCropMarkDepth:=0.0pt:1ex:=4.30554pt
[34]

:tex2html_wrap_inline324:lthtmlCropMarkHeight:=12.83331pt

:tex2html_wrap_inline324:lthtmlCropMarkDepth:=0.0pt:1ex:=4.30554pt
[35]

:tex2html_wrap_inline328:lthtmlCropMarkHeight:=13.5pt

:tex2html_wrap_inline328:lthtmlCropMarkDepth:=2.5pt:1ex:=4.30554pt
[36] (./images.aux)

LaTeX Warning: There were multiply-defined labels.

Package rerunfilecheck Info: File `images.out' has not changed.
(rerunfilecheck)             Checksum: D41D8CD98F00B204E9800998ECF8427E;0.
 ) 
Here is how much of TeX's memory you used:
 9878 strings out of 478353
 153760 string characters out of 5848101
 446881 words of memory out of 5000000
 27841 multiletter control sequences out of 15000+600000
 405129 words of font info for 35 fonts, out of 8000000 for 9000
 1141 hyphenation exceptions out of 8191
 60i,12n,63p,228b,330s stack positions out of 5000i,500n,10000p,200000b,80000s
</usr/local/texlive/2021/texmf-dist/fonts/type1/public/amsfonts/cm/cmex10.pfb
></usr/local/texlive/2021/texmf-dist/fonts/type1/public/amsfonts/cm/cmmi10.pfb>
</usr/local/texlive/2021/texmf-dist/fonts/type1/public/amsfonts/cm/cmmi5.pfb></
usr/local/texlive/2021/texmf-dist/fonts/type1/public/amsfonts/cm/cmmi7.pfb></us
r/local/texlive/2021/texmf-dist/fonts/type1/public/amsfonts/cm/cmr10.pfb></usr/
local/texlive/2021/texmf-dist/fonts/type1/public/amsfonts/cm/cmr7.pfb></usr/loc
al/texlive/2021/texmf-dist/fonts/type1/public/amsfonts/cm/cmsy10.pfb></usr/loca
l/texlive/2021/texmf-dist/fonts/type1/public/amsfonts/cm/cmsy7.pfb>
Output written on images.pdf (36 pages, 92496 bytes).
PDF statistics:
 205 PDF objects out of 1000 (max. 8388607)
 149 compressed objects within 2 object streams
 36 named destinations out of 1000 (max. 500000)
 1 words of extra memory for PDF output out of 10000 (max. 10000000)

